<?xml version="1.0" encoding="UTF-8"?>
<testng-results ignored="0" total="1" passed="1" failed="0" skipped="0">
  <reporter-output>
  </reporter-output>
  <suite started-at="2026-01-28T12:28:14 UTC" name="Default suite" finished-at="2026-01-28T12:28:19 UTC" duration-ms="4742">
    <groups>
    </groups>
    <test started-at="2026-01-28T12:28:14 UTC" name="Default test" finished-at="2026-01-28T12:28:19 UTC" duration-ms="4742">
      <class name="tests.Put">
        <test-method signature="updateProduct()[pri:0, instance:tests.Put@5276d6ee]" started-at="2026-01-28T12:28:14 UTC" name="updateProduct" finished-at="2026-01-28T12:28:19 UTC" duration-ms="4605" status="PASS">
          <reporter-output>
          </reporter-output>
        </test-method> <!-- updateProduct -->
      </class> <!-- tests.Put -->
    </test> <!-- Default test -->
  </suite> <!-- Default suite -->
</testng-results>
